<?xml version="1.0" encoding="UTF-8"?><testrun name="RankingRobustnessTest" project="MembershipRanking" tests="18" started="18" failures="5" errors="0" ignored="0">
  <testsuite name="test.RankingRobustnessTest" time="0.051" displayname="RankingRobustnessTest" uniqueid="[engine:junit-jupiter]/[class:test.RankingRobustnessTest]">
    <testcase name="testRB04_SilverConditions" classname="test.RankingRobustnessTest" time="0.009" displayname="testRB04_SilverConditions()" uniqueid="[engine:junit-jupiter]/[class:test.RankingRobustnessTest]/[method:testRB04_SilverConditions()]">
      <failure>
        <expected>Silver</expected>
        <actual>Standard</actual>
        org.opentest4j.AssertionFailedError: expected: &lt;Silver&gt; but was: &lt;Standard&gt;&#13;
	at org.junit.jupiter.api.AssertionFailureBuilder.build(AssertionFailureBuilder.java:151)&#13;
	at org.junit.jupiter.api.AssertionFailureBuilder.buildAndThrow(AssertionFailureBuilder.java:132)&#13;
	at org.junit.jupiter.api.AssertEquals.failNotEqual(AssertEquals.java:197)&#13;
	at org.junit.jupiter.api.AssertEquals.assertEquals(AssertEquals.java:182)&#13;
	at org.junit.jupiter.api.AssertEquals.assertEquals(AssertEquals.java:177)&#13;
	at org.junit.jupiter.api.Assertions.assertEquals(Assertions.java:1145)&#13;
	at test.RankingRobustnessTest.testRB04_SilverConditions(RankingRobustnessTest.java:37)&#13;
	at java.base/java.lang.reflect.Method.invoke(Method.java:580)&#13;
	at java.base/java.util.ArrayList.forEach(ArrayList.java:1596)&#13;
	at java.base/java.util.ArrayList.forEach(ArrayList.java:1596)&#13;
&#13;

      </failure>
    </testcase>
    <testcase name="testRB12_NonNumericPointCollected" classname="test.RankingRobustnessTest" time="0.003" displayname="testRB12_NonNumericPointCollected()" uniqueid="[engine:junit-jupiter]/[class:test.RankingRobustnessTest]/[method:testRB12_NonNumericPointCollected()]"/>
    <testcase name="testRB11_NegativePointCollected" classname="test.RankingRobustnessTest" time="0.002" displayname="testRB11_NegativePointCollected()" uniqueid="[engine:junit-jupiter]/[class:test.RankingRobustnessTest]/[method:testRB11_NegativePointCollected()]"/>
    <testcase name="testRB01_NegativePurchaseTotal" classname="test.RankingRobustnessTest" time="0.002" displayname="testRB01_NegativePurchaseTotal()" uniqueid="[engine:junit-jupiter]/[class:test.RankingRobustnessTest]/[method:testRB01_NegativePurchaseTotal()]"/>
    <testcase name="testRB16_AllZero" classname="test.RankingRobustnessTest" time="0.002" displayname="testRB16_AllZero()" uniqueid="[engine:junit-jupiter]/[class:test.RankingRobustnessTest]/[method:testRB16_AllZero()]"/>
    <testcase name="testRB14_NormalData" classname="test.RankingRobustnessTest" time="0.002" displayname="testRB14_NormalData()" uniqueid="[engine:junit-jupiter]/[class:test.RankingRobustnessTest]/[method:testRB14_NormalData()]"/>
    <testcase name="testRB02_ZeroPurchaseTotal" classname="test.RankingRobustnessTest" time="0.002" displayname="testRB02_ZeroPurchaseTotal()" uniqueid="[engine:junit-jupiter]/[class:test.RankingRobustnessTest]/[method:testRB02_ZeroPurchaseTotal()]"/>
    <testcase name="testRB17_NormalBusinessCase" classname="test.RankingRobustnessTest" time="0.002" displayname="testRB17_NormalBusinessCase()" uniqueid="[engine:junit-jupiter]/[class:test.RankingRobustnessTest]/[method:testRB17_NormalBusinessCase()]">
      <failure>
        <expected>Silver</expected>
        <actual>Standard</actual>
        org.opentest4j.AssertionFailedError: expected: &lt;Silver&gt; but was: &lt;Standard&gt;&#13;
	at org.junit.jupiter.api.AssertionFailureBuilder.build(AssertionFailureBuilder.java:151)&#13;
	at org.junit.jupiter.api.AssertionFailureBuilder.buildAndThrow(AssertionFailureBuilder.java:132)&#13;
	at org.junit.jupiter.api.AssertEquals.failNotEqual(AssertEquals.java:197)&#13;
	at org.junit.jupiter.api.AssertEquals.assertEquals(AssertEquals.java:182)&#13;
	at org.junit.jupiter.api.AssertEquals.assertEquals(AssertEquals.java:177)&#13;
	at org.junit.jupiter.api.Assertions.assertEquals(Assertions.java:1145)&#13;
	at test.RankingRobustnessTest.testRB17_NormalBusinessCase(RankingRobustnessTest.java:116)&#13;
	at java.base/java.lang.reflect.Method.invoke(Method.java:580)&#13;
	at java.base/java.util.ArrayList.forEach(ArrayList.java:1596)&#13;
	at java.base/java.util.ArrayList.forEach(ArrayList.java:1596)&#13;
&#13;

      </failure>
    </testcase>
    <testcase name="testRB15_VeryLargeNumber" classname="test.RankingRobustnessTest" time="0.002" displayname="testRB15_VeryLargeNumber()" uniqueid="[engine:junit-jupiter]/[class:test.RankingRobustnessTest]/[method:testRB15_VeryLargeNumber()]">
      <failure>
        <expected>Platinum</expected>
        <actual>Silver</actual>
        org.opentest4j.AssertionFailedError: expected: &lt;Platinum&gt; but was: &lt;Silver&gt;&#13;
	at org.junit.jupiter.api.AssertionFailureBuilder.build(AssertionFailureBuilder.java:151)&#13;
	at org.junit.jupiter.api.AssertionFailureBuilder.buildAndThrow(AssertionFailureBuilder.java:132)&#13;
	at org.junit.jupiter.api.AssertEquals.failNotEqual(AssertEquals.java:197)&#13;
	at org.junit.jupiter.api.AssertEquals.assertEquals(AssertEquals.java:182)&#13;
	at org.junit.jupiter.api.AssertEquals.assertEquals(AssertEquals.java:177)&#13;
	at org.junit.jupiter.api.Assertions.assertEquals(Assertions.java:1145)&#13;
	at test.RankingRobustnessTest.testRB15_VeryLargeNumber(RankingRobustnessTest.java:106)&#13;
	at java.base/java.lang.reflect.Method.invoke(Method.java:580)&#13;
	at java.base/java.util.ArrayList.forEach(ArrayList.java:1596)&#13;
	at java.base/java.util.ArrayList.forEach(ArrayList.java:1596)&#13;
&#13;

      </failure>
    </testcase>
    <testcase name="testRB06_VeryHighValues" classname="test.RankingRobustnessTest" time="0.002" displayname="testRB06_VeryHighValues()" uniqueid="[engine:junit-jupiter]/[class:test.RankingRobustnessTest]/[method:testRB06_VeryHighValues()]">
      <failure>
        <expected>Gold</expected>
        <actual>Silver</actual>
        org.opentest4j.AssertionFailedError: expected: &lt;Gold&gt; but was: &lt;Silver&gt;&#13;
	at org.junit.jupiter.api.AssertionFailureBuilder.build(AssertionFailureBuilder.java:151)&#13;
	at org.junit.jupiter.api.AssertionFailureBuilder.buildAndThrow(AssertionFailureBuilder.java:132)&#13;
	at org.junit.jupiter.api.AssertEquals.failNotEqual(AssertEquals.java:197)&#13;
	at org.junit.jupiter.api.AssertEquals.assertEquals(AssertEquals.java:182)&#13;
	at org.junit.jupiter.api.AssertEquals.assertEquals(AssertEquals.java:177)&#13;
	at org.junit.jupiter.api.Assertions.assertEquals(Assertions.java:1145)&#13;
	at test.RankingRobustnessTest.testRB06_VeryHighValues(RankingRobustnessTest.java:49)&#13;
	at java.base/java.lang.reflect.Method.invoke(Method.java:580)&#13;
	at java.base/java.util.ArrayList.forEach(ArrayList.java:1596)&#13;
	at java.base/java.util.ArrayList.forEach(ArrayList.java:1596)&#13;
&#13;

      </failure>
    </testcase>
    <testcase name="testRB07_NonNumericPurchaseTotal" classname="test.RankingRobustnessTest" time="0.001" displayname="testRB07_NonNumericPurchaseTotal()" uniqueid="[engine:junit-jupiter]/[class:test.RankingRobustnessTest]/[method:testRB07_NonNumericPurchaseTotal()]"/>
    <testcase name="testRB03_JustAboveZero" classname="test.RankingRobustnessTest" time="0.001" displayname="testRB03_JustAboveZero()" uniqueid="[engine:junit-jupiter]/[class:test.RankingRobustnessTest]/[method:testRB03_JustAboveZero()]"/>
    <testcase name="testRB13_NullPointCollected" classname="test.RankingRobustnessTest" time="0.002" displayname="testRB13_NullPointCollected()" uniqueid="[engine:junit-jupiter]/[class:test.RankingRobustnessTest]/[method:testRB13_NullPointCollected()]"/>
    <testcase name="testRB08_NullPurchaseTotal" classname="test.RankingRobustnessTest" time="0.001" displayname="testRB08_NullPurchaseTotal()" uniqueid="[engine:junit-jupiter]/[class:test.RankingRobustnessTest]/[method:testRB08_NullPurchaseTotal()]"/>
    <testcase name="testRB18_SpecialCharacterFrequency" classname="test.RankingRobustnessTest" time="0.001" displayname="testRB18_SpecialCharacterFrequency()" uniqueid="[engine:junit-jupiter]/[class:test.RankingRobustnessTest]/[method:testRB18_SpecialCharacterFrequency()]"/>
    <testcase name="testRB09_NegativeFrequency" classname="test.RankingRobustnessTest" time="0.003" displayname="testRB09_NegativeFrequency()" uniqueid="[engine:junit-jupiter]/[class:test.RankingRobustnessTest]/[method:testRB09_NegativeFrequency()]"/>
    <testcase name="testRB05_PlatinumHighPoint" classname="test.RankingRobustnessTest" time="0.002" displayname="testRB05_PlatinumHighPoint()" uniqueid="[engine:junit-jupiter]/[class:test.RankingRobustnessTest]/[method:testRB05_PlatinumHighPoint()]">
      <failure>
        <expected>Gold</expected>
        <actual>Silver</actual>
        org.opentest4j.AssertionFailedError: expected: &lt;Gold&gt; but was: &lt;Silver&gt;&#13;
	at org.junit.jupiter.api.AssertionFailureBuilder.build(AssertionFailureBuilder.java:151)&#13;
	at org.junit.jupiter.api.AssertionFailureBuilder.buildAndThrow(AssertionFailureBuilder.java:132)&#13;
	at org.junit.jupiter.api.AssertEquals.failNotEqual(AssertEquals.java:197)&#13;
	at org.junit.jupiter.api.AssertEquals.assertEquals(AssertEquals.java:182)&#13;
	at org.junit.jupiter.api.AssertEquals.assertEquals(AssertEquals.java:177)&#13;
	at org.junit.jupiter.api.Assertions.assertEquals(Assertions.java:1145)&#13;
	at test.RankingRobustnessTest.testRB05_PlatinumHighPoint(RankingRobustnessTest.java:43)&#13;
	at java.base/java.lang.reflect.Method.invoke(Method.java:580)&#13;
	at java.base/java.util.ArrayList.forEach(ArrayList.java:1596)&#13;
	at java.base/java.util.ArrayList.forEach(ArrayList.java:1596)&#13;
&#13;

      </failure>
    </testcase>
    <testcase name="testRB10_NonNumericFrequency" classname="test.RankingRobustnessTest" time="0.001" displayname="testRB10_NonNumericFrequency()" uniqueid="[engine:junit-jupiter]/[class:test.RankingRobustnessTest]/[method:testRB10_NonNumericFrequency()]"/>
  </testsuite>
</testrun>
