<?xml version="1.0" encoding="UTF-8"?><testrun name="RankingNormalTest" project="MembershipRanking" tests="31" started="31" failures="27" errors="0" ignored="0">
  <testsuite name="test.RankingNormalTest" time="0.062" displayname="RankingNormalTest" uniqueid="[engine:junit-jupiter]/[class:test.RankingNormalTest]">
    <testcase name="testTC27_Platinum_MoreThanThreshold" classname="test.RankingNormalTest" time="0.001" displayname="testTC27_Platinum_MoreThanThreshold()" uniqueid="[engine:junit-jupiter]/[class:test.RankingNormalTest]/[method:testTC27_Platinum_MoreThanThreshold()]">
      <failure>
        <expected>Platinum</expected>
        <actual>Silver</actual>
                        org.opentest4j.AssertionFailedError: expected: &lt;Platinum&gt; but was: &lt;Silver&gt;&#13;
	at org.junit.jupiter.api.AssertionFailureBuilder.build(AssertionFailureBuilder.java:151)&#13;
	at org.junit.jupiter.api.AssertionFailureBuilder.buildAndThrow(AssertionFailureBuilder.java:132)&#13;
	at org.junit.jupiter.api.AssertEquals.failNotEqual(AssertEquals.java:197)&#13;
	at org.junit.jupiter.api.AssertEquals.assertEquals(AssertEquals.java:182)&#13;
	at org.junit.jupiter.api.AssertEquals.assertEquals(AssertEquals.java:177)&#13;
	at org.junit.jupiter.api.Assertions.assertEquals(Assertions.java:1145)&#13;
	at test.RankingNormalTest.testTC27_Platinum_MoreThanThreshold(RankingNormalTest.java:152)&#13;
	at java.base/java.lang.reflect.Method.invoke(Method.java:580)&#13;
	at java.base/java.util.ArrayList.forEach(ArrayList.java:1596)&#13;
	at java.base/java.util.ArrayList.forEach(ArrayList.java:1596)&#13;
&#13;

      
      
      </failure>
    </testcase>
    <testcase name="testTC22_Gold_JustMeetCondition" classname="test.RankingNormalTest" time="0.0" displayname="testTC22_Gold_JustMeetCondition()" uniqueid="[engine:junit-jupiter]/[class:test.RankingNormalTest]/[method:testTC22_Gold_JustMeetCondition()]">
      <failure>
        <expected>Gold</expected>
        <actual>Silver</actual>
                        org.opentest4j.AssertionFailedError: expected: &lt;Gold&gt; but was: &lt;Silver&gt;&#13;
	at org.junit.jupiter.api.AssertionFailureBuilder.build(AssertionFailureBuilder.java:151)&#13;
	at org.junit.jupiter.api.AssertionFailureBuilder.buildAndThrow(AssertionFailureBuilder.java:132)&#13;
	at org.junit.jupiter.api.AssertEquals.failNotEqual(AssertEquals.java:197)&#13;
	at org.junit.jupiter.api.AssertEquals.assertEquals(AssertEquals.java:182)&#13;
	at org.junit.jupiter.api.AssertEquals.assertEquals(AssertEquals.java:177)&#13;
	at org.junit.jupiter.api.Assertions.assertEquals(Assertions.java:1145)&#13;
	at test.RankingNormalTest.testTC22_Gold_JustMeetCondition(RankingNormalTest.java:125)&#13;
	at java.base/java.lang.reflect.Method.invoke(Method.java:580)&#13;
	at java.base/java.util.ArrayList.forEach(ArrayList.java:1596)&#13;
	at java.base/java.util.ArrayList.forEach(ArrayList.java:1596)&#13;
&#13;

      
      
      </failure>
    </testcase>
    <testcase name="testTC31_GoldMai" classname="test.RankingNormalTest" time="0.001" displayname="testTC31_GoldMai()" uniqueid="[engine:junit-jupiter]/[class:test.RankingNormalTest]/[method:testTC31_GoldMai()]">
      <failure>
        <expected>Gold</expected>
        <actual>Silver</actual>
                        org.opentest4j.AssertionFailedError: expected: &lt;Gold&gt; but was: &lt;Silver&gt;&#13;
	at org.junit.jupiter.api.AssertionFailureBuilder.build(AssertionFailureBuilder.java:151)&#13;
	at org.junit.jupiter.api.AssertionFailureBuilder.buildAndThrow(AssertionFailureBuilder.java:132)&#13;
	at org.junit.jupiter.api.AssertEquals.failNotEqual(AssertEquals.java:197)&#13;
	at org.junit.jupiter.api.AssertEquals.assertEquals(AssertEquals.java:182)&#13;
	at org.junit.jupiter.api.AssertEquals.assertEquals(AssertEquals.java:177)&#13;
	at org.junit.jupiter.api.Assertions.assertEquals(Assertions.java:1145)&#13;
	at test.RankingNormalTest.testTC31_GoldMai(RankingNormalTest.java:175)&#13;
	at java.base/java.lang.reflect.Method.invoke(Method.java:580)&#13;
	at java.base/java.util.ArrayList.forEach(ArrayList.java:1596)&#13;
	at java.base/java.util.ArrayList.forEach(ArrayList.java:1596)&#13;
&#13;

      
      
      </failure>
    </testcase>
    <testcase name="testTC01" classname="test.RankingNormalTest" time="0.001" displayname="testTC01()" uniqueid="[engine:junit-jupiter]/[class:test.RankingNormalTest]/[method:testTC01()]"/>
    <testcase name="testTC02" classname="test.RankingNormalTest" time="0.002" displayname="testTC02()" uniqueid="[engine:junit-jupiter]/[class:test.RankingNormalTest]/[method:testTC02()]">
      <failure>
        <expected>Silver</expected>
        <actual>Standard</actual>
                        org.opentest4j.AssertionFailedError: expected: &lt;Silver&gt; but was: &lt;Standard&gt;&#13;
	at org.junit.jupiter.api.AssertionFailureBuilder.build(AssertionFailureBuilder.java:151)&#13;
	at org.junit.jupiter.api.AssertionFailureBuilder.buildAndThrow(AssertionFailureBuilder.java:132)&#13;
	at org.junit.jupiter.api.AssertEquals.failNotEqual(AssertEquals.java:197)&#13;
	at org.junit.jupiter.api.AssertEquals.assertEquals(AssertEquals.java:182)&#13;
	at org.junit.jupiter.api.AssertEquals.assertEquals(AssertEquals.java:177)&#13;
	at org.junit.jupiter.api.Assertions.assertEquals(Assertions.java:1145)&#13;
	at test.RankingNormalTest.testTC02(RankingNormalTest.java:25)&#13;
	at java.base/java.lang.reflect.Method.invoke(Method.java:580)&#13;
	at java.base/java.util.ArrayList.forEach(ArrayList.java:1596)&#13;
	at java.base/java.util.ArrayList.forEach(ArrayList.java:1596)&#13;
&#13;

      
      
      </failure>
    </testcase>
    <testcase name="testTC03" classname="test.RankingNormalTest" time="0.002" displayname="testTC03()" uniqueid="[engine:junit-jupiter]/[class:test.RankingNormalTest]/[method:testTC03()]">
      <failure>
        <expected>Silver</expected>
        <actual>Standard</actual>
                        org.opentest4j.AssertionFailedError: expected: &lt;Silver&gt; but was: &lt;Standard&gt;&#13;
	at org.junit.jupiter.api.AssertionFailureBuilder.build(AssertionFailureBuilder.java:151)&#13;
	at org.junit.jupiter.api.AssertionFailureBuilder.buildAndThrow(AssertionFailureBuilder.java:132)&#13;
	at org.junit.jupiter.api.AssertEquals.failNotEqual(AssertEquals.java:197)&#13;
	at org.junit.jupiter.api.AssertEquals.assertEquals(AssertEquals.java:182)&#13;
	at org.junit.jupiter.api.AssertEquals.assertEquals(AssertEquals.java:177)&#13;
	at org.junit.jupiter.api.Assertions.assertEquals(Assertions.java:1145)&#13;
	at test.RankingNormalTest.testTC03(RankingNormalTest.java:30)&#13;
	at java.base/java.lang.reflect.Method.invoke(Method.java:580)&#13;
	at java.base/java.util.ArrayList.forEach(ArrayList.java:1596)&#13;
	at java.base/java.util.ArrayList.forEach(ArrayList.java:1596)&#13;
&#13;

      
      
      </failure>
    </testcase>
    <testcase name="testTC04" classname="test.RankingNormalTest" time="0.002" displayname="testTC04()" uniqueid="[engine:junit-jupiter]/[class:test.RankingNormalTest]/[method:testTC04()]">
      <failure>
        <expected>Silver</expected>
        <actual>Standard</actual>
                        org.opentest4j.AssertionFailedError: expected: &lt;Silver&gt; but was: &lt;Standard&gt;&#13;
	at org.junit.jupiter.api.AssertionFailureBuilder.build(AssertionFailureBuilder.java:151)&#13;
	at org.junit.jupiter.api.AssertionFailureBuilder.buildAndThrow(AssertionFailureBuilder.java:132)&#13;
	at org.junit.jupiter.api.AssertEquals.failNotEqual(AssertEquals.java:197)&#13;
	at org.junit.jupiter.api.AssertEquals.assertEquals(AssertEquals.java:182)&#13;
	at org.junit.jupiter.api.AssertEquals.assertEquals(AssertEquals.java:177)&#13;
	at org.junit.jupiter.api.Assertions.assertEquals(Assertions.java:1145)&#13;
	at test.RankingNormalTest.testTC04(RankingNormalTest.java:35)&#13;
	at java.base/java.lang.reflect.Method.invoke(Method.java:580)&#13;
	at java.base/java.util.ArrayList.forEach(ArrayList.java:1596)&#13;
	at java.base/java.util.ArrayList.forEach(ArrayList.java:1596)&#13;
&#13;

      
      
      </failure>
    </testcase>
    <testcase name="testTC05" classname="test.RankingNormalTest" time="0.001" displayname="testTC05()" uniqueid="[engine:junit-jupiter]/[class:test.RankingNormalTest]/[method:testTC05()]">
      <failure>
        <expected>Silver</expected>
        <actual>Standard</actual>
                        org.opentest4j.AssertionFailedError: expected: &lt;Silver&gt; but was: &lt;Standard&gt;&#13;
	at org.junit.jupiter.api.AssertionFailureBuilder.build(AssertionFailureBuilder.java:151)&#13;
	at org.junit.jupiter.api.AssertionFailureBuilder.buildAndThrow(AssertionFailureBuilder.java:132)&#13;
	at org.junit.jupiter.api.AssertEquals.failNotEqual(AssertEquals.java:197)&#13;
	at org.junit.jupiter.api.AssertEquals.assertEquals(AssertEquals.java:182)&#13;
	at org.junit.jupiter.api.AssertEquals.assertEquals(AssertEquals.java:177)&#13;
	at org.junit.jupiter.api.Assertions.assertEquals(Assertions.java:1145)&#13;
	at test.RankingNormalTest.testTC05(RankingNormalTest.java:40)&#13;
	at java.base/java.lang.reflect.Method.invoke(Method.java:580)&#13;
	at java.base/java.util.ArrayList.forEach(ArrayList.java:1596)&#13;
	at java.base/java.util.ArrayList.forEach(ArrayList.java:1596)&#13;
&#13;

      
      
      </failure>
    </testcase>
    <testcase name="testTC06" classname="test.RankingNormalTest" time="0.001" displayname="testTC06()" uniqueid="[engine:junit-jupiter]/[class:test.RankingNormalTest]/[method:testTC06()]">
      <failure>
        <expected>Silver</expected>
        <actual>Standard</actual>
                        org.opentest4j.AssertionFailedError: expected: &lt;Silver&gt; but was: &lt;Standard&gt;&#13;
	at org.junit.jupiter.api.AssertionFailureBuilder.build(AssertionFailureBuilder.java:151)&#13;
	at org.junit.jupiter.api.AssertionFailureBuilder.buildAndThrow(AssertionFailureBuilder.java:132)&#13;
	at org.junit.jupiter.api.AssertEquals.failNotEqual(AssertEquals.java:197)&#13;
	at org.junit.jupiter.api.AssertEquals.assertEquals(AssertEquals.java:182)&#13;
	at org.junit.jupiter.api.AssertEquals.assertEquals(AssertEquals.java:177)&#13;
	at org.junit.jupiter.api.Assertions.assertEquals(Assertions.java:1145)&#13;
	at test.RankingNormalTest.testTC06(RankingNormalTest.java:45)&#13;
	at java.base/java.lang.reflect.Method.invoke(Method.java:580)&#13;
	at java.base/java.util.ArrayList.forEach(ArrayList.java:1596)&#13;
	at java.base/java.util.ArrayList.forEach(ArrayList.java:1596)&#13;
&#13;

      
      
      </failure>
    </testcase>
    <testcase name="testTC07" classname="test.RankingNormalTest" time="0.001" displayname="testTC07()" uniqueid="[engine:junit-jupiter]/[class:test.RankingNormalTest]/[method:testTC07()]"/>
    <testcase name="testTC08" classname="test.RankingNormalTest" time="0.002" displayname="testTC08()" uniqueid="[engine:junit-jupiter]/[class:test.RankingNormalTest]/[method:testTC08()]">
      <failure>
        <expected>Gold</expected>
        <actual>Silver</actual>
                        org.opentest4j.AssertionFailedError: expected: &lt;Gold&gt; but was: &lt;Silver&gt;&#13;
	at org.junit.jupiter.api.AssertionFailureBuilder.build(AssertionFailureBuilder.java:151)&#13;
	at org.junit.jupiter.api.AssertionFailureBuilder.buildAndThrow(AssertionFailureBuilder.java:132)&#13;
	at org.junit.jupiter.api.AssertEquals.failNotEqual(AssertEquals.java:197)&#13;
	at org.junit.jupiter.api.AssertEquals.assertEquals(AssertEquals.java:182)&#13;
	at org.junit.jupiter.api.AssertEquals.assertEquals(AssertEquals.java:177)&#13;
	at org.junit.jupiter.api.Assertions.assertEquals(Assertions.java:1145)&#13;
	at test.RankingNormalTest.testTC08(RankingNormalTest.java:55)&#13;
	at java.base/java.lang.reflect.Method.invoke(Method.java:580)&#13;
	at java.base/java.util.ArrayList.forEach(ArrayList.java:1596)&#13;
	at java.base/java.util.ArrayList.forEach(ArrayList.java:1596)&#13;
&#13;

      
      
      </failure>
    </testcase>
    <testcase name="testTC09" classname="test.RankingNormalTest" time="0.007" displayname="testTC09()" uniqueid="[engine:junit-jupiter]/[class:test.RankingNormalTest]/[method:testTC09()]">
      <failure>
        <expected>Gold</expected>
        <actual>Silver</actual>
                        org.opentest4j.AssertionFailedError: expected: &lt;Gold&gt; but was: &lt;Silver&gt;&#13;
	at org.junit.jupiter.api.AssertionFailureBuilder.build(AssertionFailureBuilder.java:151)&#13;
	at org.junit.jupiter.api.AssertionFailureBuilder.buildAndThrow(AssertionFailureBuilder.java:132)&#13;
	at org.junit.jupiter.api.AssertEquals.failNotEqual(AssertEquals.java:197)&#13;
	at org.junit.jupiter.api.AssertEquals.assertEquals(AssertEquals.java:182)&#13;
	at org.junit.jupiter.api.AssertEquals.assertEquals(AssertEquals.java:177)&#13;
	at org.junit.jupiter.api.Assertions.assertEquals(Assertions.java:1145)&#13;
	at test.RankingNormalTest.testTC09(RankingNormalTest.java:60)&#13;
	at java.base/java.lang.reflect.Method.invoke(Method.java:580)&#13;
	at java.base/java.util.ArrayList.forEach(ArrayList.java:1596)&#13;
	at java.base/java.util.ArrayList.forEach(ArrayList.java:1596)&#13;
&#13;

      
      
      </failure>
    </testcase>
    <testcase name="testTC10" classname="test.RankingNormalTest" time="0.003" displayname="testTC10()" uniqueid="[engine:junit-jupiter]/[class:test.RankingNormalTest]/[method:testTC10()]">
      <failure>
        <expected>Gold</expected>
        <actual>Silver</actual>
                        org.opentest4j.AssertionFailedError: expected: &lt;Gold&gt; but was: &lt;Silver&gt;&#13;
	at org.junit.jupiter.api.AssertionFailureBuilder.build(AssertionFailureBuilder.java:151)&#13;
	at org.junit.jupiter.api.AssertionFailureBuilder.buildAndThrow(AssertionFailureBuilder.java:132)&#13;
	at org.junit.jupiter.api.AssertEquals.failNotEqual(AssertEquals.java:197)&#13;
	at org.junit.jupiter.api.AssertEquals.assertEquals(AssertEquals.java:182)&#13;
	at org.junit.jupiter.api.AssertEquals.assertEquals(AssertEquals.java:177)&#13;
	at org.junit.jupiter.api.Assertions.assertEquals(Assertions.java:1145)&#13;
	at test.RankingNormalTest.testTC10(RankingNormalTest.java:65)&#13;
	at java.base/java.lang.reflect.Method.invoke(Method.java:580)&#13;
	at java.base/java.util.ArrayList.forEach(ArrayList.java:1596)&#13;
	at java.base/java.util.ArrayList.forEach(ArrayList.java:1596)&#13;
&#13;

      
      
      </failure>
    </testcase>
    <testcase name="testTC11" classname="test.RankingNormalTest" time="0.002" displayname="testTC11()" uniqueid="[engine:junit-jupiter]/[class:test.RankingNormalTest]/[method:testTC11()]">
      <failure>
        <expected>Gold</expected>
        <actual>Silver</actual>
                        org.opentest4j.AssertionFailedError: expected: &lt;Gold&gt; but was: &lt;Silver&gt;&#13;
	at org.junit.jupiter.api.AssertionFailureBuilder.build(AssertionFailureBuilder.java:151)&#13;
	at org.junit.jupiter.api.AssertionFailureBuilder.buildAndThrow(AssertionFailureBuilder.java:132)&#13;
	at org.junit.jupiter.api.AssertEquals.failNotEqual(AssertEquals.java:197)&#13;
	at org.junit.jupiter.api.AssertEquals.assertEquals(AssertEquals.java:182)&#13;
	at org.junit.jupiter.api.AssertEquals.assertEquals(AssertEquals.java:177)&#13;
	at org.junit.jupiter.api.Assertions.assertEquals(Assertions.java:1145)&#13;
	at test.RankingNormalTest.testTC11(RankingNormalTest.java:70)&#13;
	at java.base/java.lang.reflect.Method.invoke(Method.java:580)&#13;
	at java.base/java.util.ArrayList.forEach(ArrayList.java:1596)&#13;
	at java.base/java.util.ArrayList.forEach(ArrayList.java:1596)&#13;
&#13;

      
      
      </failure>
    </testcase>
    <testcase name="testTC12" classname="test.RankingNormalTest" time="0.001" displayname="testTC12()" uniqueid="[engine:junit-jupiter]/[class:test.RankingNormalTest]/[method:testTC12()]">
      <failure>
        <expected>Gold</expected>
        <actual>Silver</actual>
                        org.opentest4j.AssertionFailedError: expected: &lt;Gold&gt; but was: &lt;Silver&gt;&#13;
	at org.junit.jupiter.api.AssertionFailureBuilder.build(AssertionFailureBuilder.java:151)&#13;
	at org.junit.jupiter.api.AssertionFailureBuilder.buildAndThrow(AssertionFailureBuilder.java:132)&#13;
	at org.junit.jupiter.api.AssertEquals.failNotEqual(AssertEquals.java:197)&#13;
	at org.junit.jupiter.api.AssertEquals.assertEquals(AssertEquals.java:182)&#13;
	at org.junit.jupiter.api.AssertEquals.assertEquals(AssertEquals.java:177)&#13;
	at org.junit.jupiter.api.Assertions.assertEquals(Assertions.java:1145)&#13;
	at test.RankingNormalTest.testTC12(RankingNormalTest.java:75)&#13;
	at java.base/java.lang.reflect.Method.invoke(Method.java:580)&#13;
	at java.base/java.util.ArrayList.forEach(ArrayList.java:1596)&#13;
	at java.base/java.util.ArrayList.forEach(ArrayList.java:1596)&#13;
&#13;

      
      
      </failure>
    </testcase>
    <testcase name="testTC13" classname="test.RankingNormalTest" time="0.002" displayname="testTC13()" uniqueid="[engine:junit-jupiter]/[class:test.RankingNormalTest]/[method:testTC13()]">
      <failure>
        <expected>Platinum</expected>
        <actual>Silver</actual>
                        org.opentest4j.AssertionFailedError: expected: &lt;Platinum&gt; but was: &lt;Silver&gt;&#13;
	at org.junit.jupiter.api.AssertionFailureBuilder.build(AssertionFailureBuilder.java:151)&#13;
	at org.junit.jupiter.api.AssertionFailureBuilder.buildAndThrow(AssertionFailureBuilder.java:132)&#13;
	at org.junit.jupiter.api.AssertEquals.failNotEqual(AssertEquals.java:197)&#13;
	at org.junit.jupiter.api.AssertEquals.assertEquals(AssertEquals.java:182)&#13;
	at org.junit.jupiter.api.AssertEquals.assertEquals(AssertEquals.java:177)&#13;
	at org.junit.jupiter.api.Assertions.assertEquals(Assertions.java:1145)&#13;
	at test.RankingNormalTest.testTC13(RankingNormalTest.java:80)&#13;
	at java.base/java.lang.reflect.Method.invoke(Method.java:580)&#13;
	at java.base/java.util.ArrayList.forEach(ArrayList.java:1596)&#13;
	at java.base/java.util.ArrayList.forEach(ArrayList.java:1596)&#13;
&#13;

      
      
      </failure>
    </testcase>
    <testcase name="testTC14" classname="test.RankingNormalTest" time="0.001" displayname="testTC14()" uniqueid="[engine:junit-jupiter]/[class:test.RankingNormalTest]/[method:testTC14()]">
      <failure>
        <expected>Platinum</expected>
        <actual>Silver</actual>
                        org.opentest4j.AssertionFailedError: expected: &lt;Platinum&gt; but was: &lt;Silver&gt;&#13;
	at org.junit.jupiter.api.AssertionFailureBuilder.build(AssertionFailureBuilder.java:151)&#13;
	at org.junit.jupiter.api.AssertionFailureBuilder.buildAndThrow(AssertionFailureBuilder.java:132)&#13;
	at org.junit.jupiter.api.AssertEquals.failNotEqual(AssertEquals.java:197)&#13;
	at org.junit.jupiter.api.AssertEquals.assertEquals(AssertEquals.java:182)&#13;
	at org.junit.jupiter.api.AssertEquals.assertEquals(AssertEquals.java:177)&#13;
	at org.junit.jupiter.api.Assertions.assertEquals(Assertions.java:1145)&#13;
	at test.RankingNormalTest.testTC14(RankingNormalTest.java:85)&#13;
	at java.base/java.lang.reflect.Method.invoke(Method.java:580)&#13;
	at java.base/java.util.ArrayList.forEach(ArrayList.java:1596)&#13;
	at java.base/java.util.ArrayList.forEach(ArrayList.java:1596)&#13;
&#13;

      
      
      </failure>
    </testcase>
    <testcase name="testTC15" classname="test.RankingNormalTest" time="0.002" displayname="testTC15()" uniqueid="[engine:junit-jupiter]/[class:test.RankingNormalTest]/[method:testTC15()]">
      <failure>
        <expected>Platinum</expected>
        <actual>Silver</actual>
                        org.opentest4j.AssertionFailedError: expected: &lt;Platinum&gt; but was: &lt;Silver&gt;&#13;
	at org.junit.jupiter.api.AssertionFailureBuilder.build(AssertionFailureBuilder.java:151)&#13;
	at org.junit.jupiter.api.AssertionFailureBuilder.buildAndThrow(AssertionFailureBuilder.java:132)&#13;
	at org.junit.jupiter.api.AssertEquals.failNotEqual(AssertEquals.java:197)&#13;
	at org.junit.jupiter.api.AssertEquals.assertEquals(AssertEquals.java:182)&#13;
	at org.junit.jupiter.api.AssertEquals.assertEquals(AssertEquals.java:177)&#13;
	at org.junit.jupiter.api.Assertions.assertEquals(Assertions.java:1145)&#13;
	at test.RankingNormalTest.testTC15(RankingNormalTest.java:90)&#13;
	at java.base/java.lang.reflect.Method.invoke(Method.java:580)&#13;
	at java.base/java.util.ArrayList.forEach(ArrayList.java:1596)&#13;
	at java.base/java.util.ArrayList.forEach(ArrayList.java:1596)&#13;
&#13;

      
      
      </failure>
    </testcase>
    <testcase name="testTC16" classname="test.RankingNormalTest" time="0.003" displayname="testTC16()" uniqueid="[engine:junit-jupiter]/[class:test.RankingNormalTest]/[method:testTC16()]">
      <failure>
        <expected>Standard</expected>
        <actual>Silver</actual>
                        org.opentest4j.AssertionFailedError: expected: &lt;Standard&gt; but was: &lt;Silver&gt;&#13;
	at org.junit.jupiter.api.AssertionFailureBuilder.build(AssertionFailureBuilder.java:151)&#13;
	at org.junit.jupiter.api.AssertionFailureBuilder.buildAndThrow(AssertionFailureBuilder.java:132)&#13;
	at org.junit.jupiter.api.AssertEquals.failNotEqual(AssertEquals.java:197)&#13;
	at org.junit.jupiter.api.AssertEquals.assertEquals(AssertEquals.java:182)&#13;
	at org.junit.jupiter.api.AssertEquals.assertEquals(AssertEquals.java:177)&#13;
	at org.junit.jupiter.api.Assertions.assertEquals(Assertions.java:1145)&#13;
	at test.RankingNormalTest.testTC16(RankingNormalTest.java:95)&#13;
	at java.base/java.lang.reflect.Method.invoke(Method.java:580)&#13;
	at java.base/java.util.ArrayList.forEach(ArrayList.java:1596)&#13;
	at java.base/java.util.ArrayList.forEach(ArrayList.java:1596)&#13;
&#13;

      
      
      </failure>
    </testcase>
    <testcase name="testTC17" classname="test.RankingNormalTest" time="0.001" displayname="testTC17()" uniqueid="[engine:junit-jupiter]/[class:test.RankingNormalTest]/[method:testTC17()]"/>
    <testcase name="testTC18" classname="test.RankingNormalTest" time="0.002" displayname="testTC18()" uniqueid="[engine:junit-jupiter]/[class:test.RankingNormalTest]/[method:testTC18()]">
      <failure>
        <expected>Silver</expected>
        <actual>Standard</actual>
                        org.opentest4j.AssertionFailedError: expected: &lt;Silver&gt; but was: &lt;Standard&gt;&#13;
	at org.junit.jupiter.api.AssertionFailureBuilder.build(AssertionFailureBuilder.java:151)&#13;
	at org.junit.jupiter.api.AssertionFailureBuilder.buildAndThrow(AssertionFailureBuilder.java:132)&#13;
	at org.junit.jupiter.api.AssertEquals.failNotEqual(AssertEquals.java:197)&#13;
	at org.junit.jupiter.api.AssertEquals.assertEquals(AssertEquals.java:182)&#13;
	at org.junit.jupiter.api.AssertEquals.assertEquals(AssertEquals.java:177)&#13;
	at org.junit.jupiter.api.Assertions.assertEquals(Assertions.java:1145)&#13;
	at test.RankingNormalTest.testTC18(RankingNormalTest.java:105)&#13;
	at java.base/java.lang.reflect.Method.invoke(Method.java:580)&#13;
	at java.base/java.util.ArrayList.forEach(ArrayList.java:1596)&#13;
	at java.base/java.util.ArrayList.forEach(ArrayList.java:1596)&#13;
&#13;

      
      
      </failure>
    </testcase>
    <testcase name="testTC19" classname="test.RankingNormalTest" time="0.002" displayname="testTC19()" uniqueid="[engine:junit-jupiter]/[class:test.RankingNormalTest]/[method:testTC19()]"/>
    <testcase name="testTC20" classname="test.RankingNormalTest" time="0.002" displayname="testTC20()" uniqueid="[engine:junit-jupiter]/[class:test.RankingNormalTest]/[method:testTC20()]">
      <failure>
        <expected>Gold</expected>
        <actual>Silver</actual>
                        org.opentest4j.AssertionFailedError: expected: &lt;Gold&gt; but was: &lt;Silver&gt;&#13;
	at org.junit.jupiter.api.AssertionFailureBuilder.build(AssertionFailureBuilder.java:151)&#13;
	at org.junit.jupiter.api.AssertionFailureBuilder.buildAndThrow(AssertionFailureBuilder.java:132)&#13;
	at org.junit.jupiter.api.AssertEquals.failNotEqual(AssertEquals.java:197)&#13;
	at org.junit.jupiter.api.AssertEquals.assertEquals(AssertEquals.java:182)&#13;
	at org.junit.jupiter.api.AssertEquals.assertEquals(AssertEquals.java:177)&#13;
	at org.junit.jupiter.api.Assertions.assertEquals(Assertions.java:1145)&#13;
	at test.RankingNormalTest.testTC20(RankingNormalTest.java:115)&#13;
	at java.base/java.lang.reflect.Method.invoke(Method.java:580)&#13;
	at java.base/java.util.ArrayList.forEach(ArrayList.java:1596)&#13;
	at java.base/java.util.ArrayList.forEach(ArrayList.java:1596)&#13;
&#13;

      
      
      </failure>
    </testcase>
    <testcase name="testTC21" classname="test.RankingNormalTest" time="0.001" displayname="testTC21()" uniqueid="[engine:junit-jupiter]/[class:test.RankingNormalTest]/[method:testTC21()]">
      <failure>
        <expected>Gold</expected>
        <actual>Silver</actual>
                        org.opentest4j.AssertionFailedError: expected: &lt;Gold&gt; but was: &lt;Silver&gt;&#13;
	at org.junit.jupiter.api.AssertionFailureBuilder.build(AssertionFailureBuilder.java:151)&#13;
	at org.junit.jupiter.api.AssertionFailureBuilder.buildAndThrow(AssertionFailureBuilder.java:132)&#13;
	at org.junit.jupiter.api.AssertEquals.failNotEqual(AssertEquals.java:197)&#13;
	at org.junit.jupiter.api.AssertEquals.assertEquals(AssertEquals.java:182)&#13;
	at org.junit.jupiter.api.AssertEquals.assertEquals(AssertEquals.java:177)&#13;
	at org.junit.jupiter.api.Assertions.assertEquals(Assertions.java:1145)&#13;
	at test.RankingNormalTest.testTC21(RankingNormalTest.java:120)&#13;
	at java.base/java.lang.reflect.Method.invoke(Method.java:580)&#13;
	at java.base/java.util.ArrayList.forEach(ArrayList.java:1596)&#13;
	at java.base/java.util.ArrayList.forEach(ArrayList.java:1596)&#13;
&#13;

      
      
      </failure>
    </testcase>
    <testcase name="testTC28_Platinum_WithMinimumFrequency" classname="test.RankingNormalTest" time="0.002" displayname="testTC28_Platinum_WithMinimumFrequency()" uniqueid="[engine:junit-jupiter]/[class:test.RankingNormalTest]/[method:testTC28_Platinum_WithMinimumFrequency()]">
      <failure>
        <expected>Platinum</expected>
        <actual>Silver</actual>
                        org.opentest4j.AssertionFailedError: expected: &lt;Platinum&gt; but was: &lt;Silver&gt;&#13;
	at org.junit.jupiter.api.AssertionFailureBuilder.build(AssertionFailureBuilder.java:151)&#13;
	at org.junit.jupiter.api.AssertionFailureBuilder.buildAndThrow(AssertionFailureBuilder.java:132)&#13;
	at org.junit.jupiter.api.AssertEquals.failNotEqual(AssertEquals.java:197)&#13;
	at org.junit.jupiter.api.AssertEquals.assertEquals(AssertEquals.java:182)&#13;
	at org.junit.jupiter.api.AssertEquals.assertEquals(AssertEquals.java:177)&#13;
	at org.junit.jupiter.api.Assertions.assertEquals(Assertions.java:1145)&#13;
	at test.RankingNormalTest.testTC28_Platinum_WithMinimumFrequency(RankingNormalTest.java:158)&#13;
	at java.base/java.lang.reflect.Method.invoke(Method.java:580)&#13;
	at java.base/java.util.ArrayList.forEach(ArrayList.java:1596)&#13;
	at java.base/java.util.ArrayList.forEach(ArrayList.java:1596)&#13;
&#13;

      
      
      </failure>
    </testcase>
    <testcase name="testTC24_Gold_FrequencyHighEnough" classname="test.RankingNormalTest" time="0.001" displayname="testTC24_Gold_FrequencyHighEnough()" uniqueid="[engine:junit-jupiter]/[class:test.RankingNormalTest]/[method:testTC24_Gold_FrequencyHighEnough()]">
      <failure>
        <expected>Gold</expected>
        <actual>Silver</actual>
                        org.opentest4j.AssertionFailedError: expected: &lt;Gold&gt; but was: &lt;Silver&gt;&#13;
	at org.junit.jupiter.api.AssertionFailureBuilder.build(AssertionFailureBuilder.java:151)&#13;
	at org.junit.jupiter.api.AssertionFailureBuilder.buildAndThrow(AssertionFailureBuilder.java:132)&#13;
	at org.junit.jupiter.api.AssertEquals.failNotEqual(AssertEquals.java:197)&#13;
	at org.junit.jupiter.api.AssertEquals.assertEquals(AssertEquals.java:182)&#13;
	at org.junit.jupiter.api.AssertEquals.assertEquals(AssertEquals.java:177)&#13;
	at org.junit.jupiter.api.Assertions.assertEquals(Assertions.java:1145)&#13;
	at test.RankingNormalTest.testTC24_Gold_FrequencyHighEnough(RankingNormalTest.java:136)&#13;
	at java.base/java.lang.reflect.Method.invoke(Method.java:580)&#13;
	at java.base/java.util.ArrayList.forEach(ArrayList.java:1596)&#13;
	at java.base/java.util.ArrayList.forEach(ArrayList.java:1596)&#13;
&#13;

      
      
      </failure>
    </testcase>
    <testcase name="testTC29_Platinum_WithMaximumFrequency" classname="test.RankingNormalTest" time="0.001" displayname="testTC29_Platinum_WithMaximumFrequency()" uniqueid="[engine:junit-jupiter]/[class:test.RankingNormalTest]/[method:testTC29_Platinum_WithMaximumFrequency()]">
      <failure>
        <expected>Platinum</expected>
        <actual>Silver</actual>
                        org.opentest4j.AssertionFailedError: expected: &lt;Platinum&gt; but was: &lt;Silver&gt;&#13;
	at org.junit.jupiter.api.AssertionFailureBuilder.build(AssertionFailureBuilder.java:151)&#13;
	at org.junit.jupiter.api.AssertionFailureBuilder.buildAndThrow(AssertionFailureBuilder.java:132)&#13;
	at org.junit.jupiter.api.AssertEquals.failNotEqual(AssertEquals.java:197)&#13;
	at org.junit.jupiter.api.AssertEquals.assertEquals(AssertEquals.java:182)&#13;
	at org.junit.jupiter.api.AssertEquals.assertEquals(AssertEquals.java:177)&#13;
	at org.junit.jupiter.api.Assertions.assertEquals(Assertions.java:1145)&#13;
	at test.RankingNormalTest.testTC29_Platinum_WithMaximumFrequency(RankingNormalTest.java:164)&#13;
	at java.base/java.lang.reflect.Method.invoke(Method.java:580)&#13;
	at java.base/java.util.ArrayList.forEach(ArrayList.java:1596)&#13;
	at java.base/java.util.ArrayList.forEach(ArrayList.java:1596)&#13;
&#13;

      
      
      </failure>
    </testcase>
    <testcase name="testTC26_Platinum_JustMeetCondition" classname="test.RankingNormalTest" time="0.001" displayname="testTC26_Platinum_JustMeetCondition()" uniqueid="[engine:junit-jupiter]/[class:test.RankingNormalTest]/[method:testTC26_Platinum_JustMeetCondition()]">
      <failure>
        <expected>Platinum</expected>
        <actual>Silver</actual>
                        org.opentest4j.AssertionFailedError: expected: &lt;Platinum&gt; but was: &lt;Silver&gt;&#13;
	at org.junit.jupiter.api.AssertionFailureBuilder.build(AssertionFailureBuilder.java:151)&#13;
	at org.junit.jupiter.api.AssertionFailureBuilder.buildAndThrow(AssertionFailureBuilder.java:132)&#13;
	at org.junit.jupiter.api.AssertEquals.failNotEqual(AssertEquals.java:197)&#13;
	at org.junit.jupiter.api.AssertEquals.assertEquals(AssertEquals.java:182)&#13;
	at org.junit.jupiter.api.AssertEquals.assertEquals(AssertEquals.java:177)&#13;
	at org.junit.jupiter.api.Assertions.assertEquals(Assertions.java:1145)&#13;
	at test.RankingNormalTest.testTC26_Platinum_JustMeetCondition(RankingNormalTest.java:147)&#13;
	at java.base/java.lang.reflect.Method.invoke(Method.java:580)&#13;
	at java.base/java.util.ArrayList.forEach(ArrayList.java:1596)&#13;
	at java.base/java.util.ArrayList.forEach(ArrayList.java:1596)&#13;
&#13;

      
      
      </failure>
    </testcase>
    <testcase name="testTC30_PlatinumMai" classname="test.RankingNormalTest" time="0.001" displayname="testTC30_PlatinumMai()" uniqueid="[engine:junit-jupiter]/[class:test.RankingNormalTest]/[method:testTC30_PlatinumMai()]">
      <failure>
        <expected>Platinum</expected>
        <actual>Silver</actual>
                        org.opentest4j.AssertionFailedError: expected: &lt;Platinum&gt; but was: &lt;Silver&gt;&#13;
	at org.junit.jupiter.api.AssertionFailureBuilder.build(AssertionFailureBuilder.java:151)&#13;
	at org.junit.jupiter.api.AssertionFailureBuilder.buildAndThrow(AssertionFailureBuilder.java:132)&#13;
	at org.junit.jupiter.api.AssertEquals.failNotEqual(AssertEquals.java:197)&#13;
	at org.junit.jupiter.api.AssertEquals.assertEquals(AssertEquals.java:182)&#13;
	at org.junit.jupiter.api.AssertEquals.assertEquals(AssertEquals.java:177)&#13;
	at org.junit.jupiter.api.Assertions.assertEquals(Assertions.java:1145)&#13;
	at test.RankingNormalTest.testTC30_PlatinumMai(RankingNormalTest.java:170)&#13;
	at java.base/java.lang.reflect.Method.invoke(Method.java:580)&#13;
	at java.base/java.util.ArrayList.forEach(ArrayList.java:1596)&#13;
	at java.base/java.util.ArrayList.forEach(ArrayList.java:1596)&#13;
&#13;

      
      
      </failure>
    </testcase>
    <testcase name="testTC25_Gold_PointExactlyAtThreshold" classname="test.RankingNormalTest" time="0.001" displayname="testTC25_Gold_PointExactlyAtThreshold()" uniqueid="[engine:junit-jupiter]/[class:test.RankingNormalTest]/[method:testTC25_Gold_PointExactlyAtThreshold()]">
      <failure>
        <expected>Gold</expected>
        <actual>Silver</actual>
                        org.opentest4j.AssertionFailedError: expected: &lt;Gold&gt; but was: &lt;Silver&gt;&#13;
	at org.junit.jupiter.api.AssertionFailureBuilder.build(AssertionFailureBuilder.java:151)&#13;
	at org.junit.jupiter.api.AssertionFailureBuilder.buildAndThrow(AssertionFailureBuilder.java:132)&#13;
	at org.junit.jupiter.api.AssertEquals.failNotEqual(AssertEquals.java:197)&#13;
	at org.junit.jupiter.api.AssertEquals.assertEquals(AssertEquals.java:182)&#13;
	at org.junit.jupiter.api.AssertEquals.assertEquals(AssertEquals.java:177)&#13;
	at org.junit.jupiter.api.Assertions.assertEquals(Assertions.java:1145)&#13;
	at test.RankingNormalTest.testTC25_Gold_PointExactlyAtThreshold(RankingNormalTest.java:141)&#13;
	at java.base/java.lang.reflect.Method.invoke(Method.java:580)&#13;
	at java.base/java.util.ArrayList.forEach(ArrayList.java:1596)&#13;
	at java.base/java.util.ArrayList.forEach(ArrayList.java:1596)&#13;
&#13;

      
      
      </failure>
    </testcase>
    <testcase name="testTC23_Gold_PurchaseMuchHigher" classname="test.RankingNormalTest" time="0.001" displayname="testTC23_Gold_PurchaseMuchHigher()" uniqueid="[engine:junit-jupiter]/[class:test.RankingNormalTest]/[method:testTC23_Gold_PurchaseMuchHigher()]">
      <failure>
        <expected>Gold</expected>
        <actual>Silver</actual>
                        org.opentest4j.AssertionFailedError: expected: &lt;Gold&gt; but was: &lt;Silver&gt;&#13;
	at org.junit.jupiter.api.AssertionFailureBuilder.build(AssertionFailureBuilder.java:151)&#13;
	at org.junit.jupiter.api.AssertionFailureBuilder.buildAndThrow(AssertionFailureBuilder.java:132)&#13;
	at org.junit.jupiter.api.AssertEquals.failNotEqual(AssertEquals.java:197)&#13;
	at org.junit.jupiter.api.AssertEquals.assertEquals(AssertEquals.java:182)&#13;
	at org.junit.jupiter.api.AssertEquals.assertEquals(AssertEquals.java:177)&#13;
	at org.junit.jupiter.api.Assertions.assertEquals(Assertions.java:1145)&#13;
	at test.RankingNormalTest.testTC23_Gold_PurchaseMuchHigher(RankingNormalTest.java:131)&#13;
	at java.base/java.lang.reflect.Method.invoke(Method.java:580)&#13;
	at java.base/java.util.ArrayList.forEach(ArrayList.java:1596)&#13;
	at java.base/java.util.ArrayList.forEach(ArrayList.java:1596)&#13;
&#13;

      
      
      </failure>
    </testcase>
  </testsuite>
</testrun>
